<testng-results>
  <reporter-output>
    <line>Attribute exists, name: exit-code value: SUCCESS</line>
    <line>Attribute exists, name: children value: http-listener-1+++++++++;http-listener-2+++++++++;admin-listener++++++++++</line>
    <line>Attribute exists, name: exit-code value: SUCCESS</line>
    <line>Attribute exists, name: exit-code value: SUCCESS</line>
    <line>Attribute exists, name: exit-code value: FAILURE</line>
    <line>Atrribute does not exist: cause returning null</line>
    <line>Cause: null</line>
    <line>Attribute exists, name: exit-code value: SUCCESS</line>
    <line>Attribute exists, name: exit-code value: SUCCESS</line>
    <line>Attribute exists, name: children value: -XX%3AMaxPermSize%3D192m;-client;-Djava.awt.headless%3Dtrue;-Djdk.corba.allowOutputStreamSubclass%3Dtrue;-Djavax.xml.accessExternalSchema%3Dall;-Djavax.management.builder.initial%3Dcom.sun.enterprise.v3.admin.AppServerMBeanServerBuilder;-XX%3A%2BUnlockDiagnosticVMOptions;-Djava.endorsed.dirs%3D%24%7Bcom.sun.aas.installRoot%7D%2Fmodules%2Fendorsed%24%7Bpath.separator%7D%24%7Bcom.sun.aas.installRoot%7D%2Flib%2Fendorsed;-Djava.security.policy%3D%24%7Bcom.sun.aas.instanceRoot%7D%2Fconfig%2Fserver.policy;-Djava.security.auth.login.config%3D%24%7Bcom.sun.aas.instanceRoot%7D%2Fconfig%2Flogin.conf;-Dcom.sun.enterprise.security.httpsOutboundKeyAlias%3Ds1as;-Xmx512m;-Djavax.net.ssl.keyStore%3D%24%7Bcom.sun.aas.instanceRoot%7D%2Fconfig%2Fkeystore.jks;-Djavax.net.ssl.trustStore%3D%24%7Bcom.sun.aas.instanceRoot%7D%2Fconfig%2Fcacerts.jks;-Djava.ext.dirs%3D%24%7Bcom.sun.aas.javaRoot%7D%2Flib%2Fext%24%7Bpath.separator%7D%24%7Bcom.sun.aas.javaRoot%7D%2Fjre%2Flib%2Fext%24%7Bpath.separator%7D%24%7Bcom.sun.aas.instanceRoot%7D%2Flib%2Fext;-Djdbc.drivers%3Dorg.apache.derby.jdbc.ClientDriver;-DANTLR_USE_DIRECT_CLASS_LOADING%3Dtrue;-Dcom.sun.enterprise.config.config_environment_factory_class%3Dcom.sun.enterprise.config.serverbeans.AppserverConfigEnvironmentFactory;-Dorg.glassfish.additionalOSGiBundlesToStart%3Dorg.apache.felix.shell%2Corg.apache.felix.gogo.runtime%2Corg.apache.felix.gogo.shell%2Corg.apache.felix.gogo.command%2Corg.apache.felix.shell.remote%2Corg.apache.felix.fileinstall;-Dosgi.shell.telnet.port%3D6666;-Dosgi.shell.telnet.maxconn%3D1;-Dosgi.shell.telnet.ip%3D127.0.0.1;-Dgosh.args%3D--nointeractive;-Dfelix.fileinstall.dir%3D%24%7Bcom.sun.aas.installRoot%7D%2Fmodules%2Fautostart%2F;-Dfelix.fileinstall.poll%3D5000;-Dfelix.fileinstall.log.level%3D2;-Dfelix.fileinstall.bundles.new.start%3Dtrue;-Dfelix.fileinstall.bundles.startTransient%3Dtrue;-Dfelix.fileinstall.disableConfigSave%3Dfalse;-XX%3ANewRatio%3D2;-Dcom.ctc.wstx.returnNullForDefaultNamespace%3Dtrue;-Djdk.tls.rejectClientInitiatedRenegotiation%3Dtrue;-Dorg.jboss.weld.serialization.beanIdentifierIndexOptimization%3Dfalse;-Dorg.glassfish.grizzly.DEFAULT_MEMORY_MANAGER%3Dorg.glassfish.grizzly.memory.HeapMemoryManager;-Dname%3D+joe+blo</line>
    <line>Attribute exists, name: exit-code value: SUCCESS</line>
    <line>Attribute exists, name: children value: http-listener-1+++++++++;http-listener-2+++++++++;admin-listener++++++++++;ls12345+++++++++++++++++</line>
    <line>Attribute exists, name: exit-code value: SUCCESS</line>
    <line>Attribute exists, name: exit-code value: SUCCESS</line>
    <line>Attribute exists, name: children value: -XX%3AMaxPermSize%3D192m;-client;-Djava.awt.headless%3Dtrue;-Djdk.corba.allowOutputStreamSubclass%3Dtrue;-Djavax.xml.accessExternalSchema%3Dall;-Djavax.management.builder.initial%3Dcom.sun.enterprise.v3.admin.AppServerMBeanServerBuilder;-XX%3A%2BUnlockDiagnosticVMOptions;-Djava.endorsed.dirs%3D%24%7Bcom.sun.aas.installRoot%7D%2Fmodules%2Fendorsed%24%7Bpath.separator%7D%24%7Bcom.sun.aas.installRoot%7D%2Flib%2Fendorsed;-Djava.security.policy%3D%24%7Bcom.sun.aas.instanceRoot%7D%2Fconfig%2Fserver.policy;-Djava.security.auth.login.config%3D%24%7Bcom.sun.aas.instanceRoot%7D%2Fconfig%2Flogin.conf;-Dcom.sun.enterprise.security.httpsOutboundKeyAlias%3Ds1as;-Xmx512m;-Djavax.net.ssl.keyStore%3D%24%7Bcom.sun.aas.instanceRoot%7D%2Fconfig%2Fkeystore.jks;-Djavax.net.ssl.trustStore%3D%24%7Bcom.sun.aas.instanceRoot%7D%2Fconfig%2Fcacerts.jks;-Djava.ext.dirs%3D%24%7Bcom.sun.aas.javaRoot%7D%2Flib%2Fext%24%7Bpath.separator%7D%24%7Bcom.sun.aas.javaRoot%7D%2Fjre%2Flib%2Fext%24%7Bpath.separator%7D%24%7Bcom.sun.aas.instanceRoot%7D%2Flib%2Fext;-Djdbc.drivers%3Dorg.apache.derby.jdbc.ClientDriver;-DANTLR_USE_DIRECT_CLASS_LOADING%3Dtrue;-Dcom.sun.enterprise.config.config_environment_factory_class%3Dcom.sun.enterprise.config.serverbeans.AppserverConfigEnvironmentFactory;-Dorg.glassfish.additionalOSGiBundlesToStart%3Dorg.apache.felix.shell%2Corg.apache.felix.gogo.runtime%2Corg.apache.felix.gogo.shell%2Corg.apache.felix.gogo.command%2Corg.apache.felix.shell.remote%2Corg.apache.felix.fileinstall;-Dosgi.shell.telnet.port%3D6666;-Dosgi.shell.telnet.maxconn%3D1;-Dosgi.shell.telnet.ip%3D127.0.0.1;-Dgosh.args%3D--nointeractive;-Dfelix.fileinstall.dir%3D%24%7Bcom.sun.aas.installRoot%7D%2Fmodules%2Fautostart%2F;-Dfelix.fileinstall.poll%3D5000;-Dfelix.fileinstall.log.level%3D2;-Dfelix.fileinstall.bundles.new.start%3Dtrue;-Dfelix.fileinstall.bundles.startTransient%3Dtrue;-Dfelix.fileinstall.disableConfigSave%3Dfalse;-XX%3ANewRatio%3D2;-Dcom.ctc.wstx.returnNullForDefaultNamespace%3Dtrue;-Djdk.tls.rejectClientInitiatedRenegotiation%3Dtrue;-Dorg.jboss.weld.serialization.beanIdentifierIndexOptimization%3Dfalse;-Dorg.glassfish.grizzly.DEFAULT_MEMORY_MANAGER%3Dorg.glassfish.grizzly.memory.HeapMemoryManager</line>
    <line>Attribute exists, name: exit-code value: SUCCESS</line>
    <line>Attribute exists, name: exit-code value: SUCCESS</line>
    <line>Attribute exists, name: exit-code value: SUCCESS</line>
    <line>Attribute exists, name: children value: http-listener-1+++++++++;http-listener-2+++++++++;admin-listener++++++++++</line>
    <line>Attribute exists, name: exit-code value: SUCCESS</line>
    <line>Attribute exists, name: children value: http-listener-1+++++++++;http-listener-2+++++++++;admin-listener++++++++++</line>
    <line>Attribute exists, name: exit-code value: SUCCESS</line>
    <line>Attribute exists, name: exit-code value: SUCCESS</line>
    <line>Attribute exists, name: exit-code value: SUCCESS</line>
    <line>Attribute exists, name: exit-code value: SUCCESS</line>
    <line>Attribute exists, name: exit-code value: SUCCESS</line>
    <line>Attribute exists, name: exit-code value: SUCCESS</line>
  </reporter-output>
  <suite name="QuickLookTests">
    <groups>
      <group name="osgi">
        <method signature="test.admin.OsgiAsadminTest.createOsgiListener()" name="createOsgiListener" class="test.admin.OsgiAsadminTest"/>
      </group>
      <group name="pulse">
        <method signature="test.admin.WebtierTests.createListener()" name="createListener" class="test.admin.WebtierTests"/>
        <method signature="test.admin.JdbcConnectionPoolTests.createPool()" name="createPool" class="test.admin.JdbcConnectionPoolTests"/>
        <method signature="test.admin.JdbcConnectionPoolTests.pingPool()" name="pingPool" class="test.admin.JdbcConnectionPoolTests"/>
        <method signature="test.admin.JdbcConnectionPoolTests.ensureCreatedPoolExists()" name="ensureCreatedPoolExists" class="test.admin.JdbcConnectionPoolTests"/>
        <method signature="test.admin.JvmOptionTests.createJoe()" name="createJoe" class="test.admin.JvmOptionTests"/>
        <method signature="test.admin.JvmOptionTests.ensureCreatedJoeExists()" name="ensureCreatedJoeExists" class="test.admin.JvmOptionTests"/>
        <method signature="test.admin.JdbcConnectionPoolTests.deletePool()" name="deletePool" class="test.admin.JdbcConnectionPoolTests"/>
        <method signature="test.admin.JdbcConnectionPoolTests.deletedPoolDoesNotExist()" name="deletedPoolDoesNotExist" class="test.admin.JdbcConnectionPoolTests"/>
        <method signature="test.admin.WebtierTests.ensureCreatedListenerExists()" name="ensureCreatedListenerExists" class="test.admin.WebtierTests"/>
        <method signature="test.admin.JvmOptionTests.deleteJoe()" name="deleteJoe" class="test.admin.JvmOptionTests"/>
        <method signature="test.admin.JvmOptionTests.deletedJoeDoesNotExist()" name="deletedJoeDoesNotExist" class="test.admin.JvmOptionTests"/>
        <method signature="test.admin.WebtierTests.deleteListener()" name="deleteListener" class="test.admin.WebtierTests"/>
        <method signature="test.admin.WebtierTests.ensureDeletedListenerDoesNotExist()" name="ensureDeletedListenerDoesNotExist" class="test.admin.WebtierTests"/>
        <method signature="test.admin.WebtierTests.createListenerWithOldParam()" name="createListenerWithOldParam" class="test.admin.WebtierTests"/>
        <method signature="test.admin.WebtierTests.deleteListener2()" name="deleteListener2" class="test.admin.WebtierTests"/>
      </group>
    </groups>
    <test name="asadmin_tests">
      <class name="test.admin.JdbcConnectionPoolTests">
        <test-method status="SKIP" signature="deletePool()" name="deletePool" duration-ms="1" started-at="2017-01-31T13:40:54Z" depends-on-methods="test.admin.JdbcConnectionPoolTests.ensureCreatedPoolExists" finished-at="2017-01-31T13:40:54Z">
        </test-method>
        <test-method status="FAIL" signature="createPool()" name="createPool" duration-ms="25" started-at="2017-01-31T13:40:54Z" finished-at="2017-01-31T13:40:54Z">
          <exception class="java.lang.RuntimeException">
            <message>
              <![CDATA[null]]>
            </message>
            <full-stacktrace>
              <![CDATA[java.lang.RuntimeException: null
	at test.admin.util.GeneralUtils.handleManifestFailure(GeneralUtils.java:141)
	at test.admin.JdbcConnectionPoolTests.createPool(JdbcConnectionPoolTests.java:76)
	at sun.reflect.NativeMethodAccessorImpl.invoke0(Native Method)
	at sun.reflect.NativeMethodAccessorImpl.invoke(NativeMethodAccessorImpl.java:62)
	at sun.reflect.DelegatingMethodAccessorImpl.invoke(DelegatingMethodAccessorImpl.java:43)
	at java.lang.reflect.Method.invoke(Method.java:498)
	at org.testng.internal.MethodHelper.invokeMethod(MethodHelper.java:604)
	at org.testng.internal.Invoker.invokeMethod(Invoker.java:470)
	at org.testng.internal.Invoker.invokeTestMethod(Invoker.java:564)
	at org.testng.internal.Invoker.invokeTestMethods(Invoker.java:830)
	at org.testng.internal.TestMethodWorker.invokeTestMethods(TestMethodWorker.java:125)
	at org.testng.internal.TestMethodWorker.run(TestMethodWorker.java:109)
	at org.testng.TestRunner.runWorkers(TestRunner.java:678)
	at org.testng.TestRunner.privateRun(TestRunner.java:624)
	at org.testng.TestRunner.run(TestRunner.java:495)
	at org.testng.SuiteRunner.runTest(SuiteRunner.java:300)
	at org.testng.SuiteRunner.runSequentially(SuiteRunner.java:295)
	at org.testng.SuiteRunner.privateRun(SuiteRunner.java:275)
	at org.testng.SuiteRunner.run(SuiteRunner.java:190)
	at org.testng.TestNG.createAndRunSuiteRunners(TestNG.java:792)
	at org.testng.TestNG.runSuitesLocally(TestNG.java:765)
	at org.testng.TestNG.run(TestNG.java:699)
	at org.testng.TestNG.privateMain(TestNG.java:824)
	at org.testng.TestNG.main(TestNG.java:802)
]]>
            </full-stacktrace>
          </exception>
        </test-method>
        <test-method status="SKIP" signature="deletedPoolDoesNotExist()" name="deletedPoolDoesNotExist" duration-ms="0" started-at="2017-01-31T13:40:54Z" depends-on-methods="test.admin.JdbcConnectionPoolTests.deletePool" finished-at="2017-01-31T13:40:54Z">
        </test-method>
        <test-method status="SKIP" signature="pingPool()" name="pingPool" duration-ms="2" started-at="2017-01-31T13:40:54Z" depends-on-methods="test.admin.JdbcConnectionPoolTests.createPool" finished-at="2017-01-31T13:40:54Z">
        </test-method>
        <test-method status="PASS" signature="setUpEnvironment(java.lang.String, java.lang.String, java.lang.String)" name="setUpEnvironment" is-config="true" duration-ms="0" started-at="2017-01-31T13:40:54Z" finished-at="2017-01-31T13:40:54Z">
          <params>
            <param index="0">
              <value>
                <![CDATA[http://localhost:4848/__asadmin]]>
              </value>
            </param>
            <param index="1">
              <value>
                <![CDATA[admin]]>
              </value>
            </param>
            <param index="2">
              <value>
                <![CDATA[]]>
              </value>
            </param>
          </params>
        </test-method>
        <test-method status="PASS" signature="setupEnvironment(java.lang.String)" name="setupEnvironment" is-config="true" duration-ms="0" started-at="2017-01-31T13:40:54Z" depends-on-methods="test.admin.WebtierTests.setup" finished-at="2017-01-31T13:40:54Z">
          <params>
            <param index="0">
              <value>
                <![CDATA[resources/resources.xml]]>
              </value>
            </param>
          </params>
        </test-method>
        <test-method status="SKIP" signature="ensureCreatedPoolExists()" name="ensureCreatedPoolExists" duration-ms="0" started-at="2017-01-31T13:40:54Z" depends-on-methods="test.admin.JdbcConnectionPoolTests.pingPool" finished-at="2017-01-31T13:40:54Z">
        </test-method>
      </class>
      <class name="test.admin.JvmOptionTests">
        <test-method status="PASS" signature="ensureCreatedJoeExists()" name="ensureCreatedJoeExists" duration-ms="9" started-at="2017-01-31T13:40:54Z" depends-on-methods="test.admin.JvmOptionTests.createJoe" finished-at="2017-01-31T13:40:54Z">
        </test-method>
        <test-method status="PASS" signature="deleteJoe()" name="deleteJoe" duration-ms="8" started-at="2017-01-31T13:40:54Z" depends-on-methods="test.admin.JvmOptionTests.ensureCreatedJoeExists" finished-at="2017-01-31T13:40:54Z">
        </test-method>
        <test-method status="PASS" signature="deletedJoeDoesNotExist()" name="deletedJoeDoesNotExist" duration-ms="6" started-at="2017-01-31T13:40:54Z" depends-on-methods="test.admin.JvmOptionTests.deleteJoe" finished-at="2017-01-31T13:40:54Z">
        </test-method>
        <test-method status="PASS" signature="createJoe()" name="createJoe" duration-ms="9" started-at="2017-01-31T13:40:54Z" finished-at="2017-01-31T13:40:54Z">
        </test-method>
        <test-method status="PASS" signature="setUpEnvironment(java.lang.String, java.lang.String, java.lang.String)" name="setUpEnvironment" is-config="true" duration-ms="1" started-at="2017-01-31T13:40:54Z" finished-at="2017-01-31T13:40:54Z">
          <params>
            <param index="0">
              <value>
                <![CDATA[http://localhost:4848/__asadmin]]>
              </value>
            </param>
            <param index="1">
              <value>
                <![CDATA[admin]]>
              </value>
            </param>
            <param index="2">
              <value>
                <![CDATA[]]>
              </value>
            </param>
          </params>
        </test-method>
      </class>
      <class name="test.admin.OsgiAsadminTest">
        <test-method status="PASS" signature="createOsgiListener()" name="createOsgiListener" duration-ms="23" started-at="2017-01-31T13:40:54Z" finished-at="2017-01-31T13:40:54Z">
        </test-method>
        <test-method status="PASS" signature="setUpEnvironment(java.lang.String, java.lang.String, java.lang.String)" name="setUpEnvironment" is-config="true" duration-ms="0" started-at="2017-01-31T13:40:54Z" finished-at="2017-01-31T13:40:54Z">
          <params>
            <param index="0">
              <value>
                <![CDATA[http://localhost:4848/__asadmin]]>
              </value>
            </param>
            <param index="1">
              <value>
                <![CDATA[admin]]>
              </value>
            </param>
            <param index="2">
              <value>
                <![CDATA[]]>
              </value>
            </param>
          </params>
        </test-method>
      </class>
      <class name="test.admin.WebtierTests">
        <test-method status="PASS" signature="deleteListener()" name="deleteListener" duration-ms="43" started-at="2017-01-31T13:40:54Z" depends-on-methods="test.admin.WebtierTests.ensureCreatedListenerExists, test.admin.WebtierTests.createListener" finished-at="2017-01-31T13:40:54Z">
        </test-method>
        <test-method status="PASS" signature="createListener()" name="createListener" duration-ms="145" started-at="2017-01-31T13:40:54Z" finished-at="2017-01-31T13:40:54Z">
        </test-method>
        <test-method status="PASS" signature="createListenerWithOldParam()" name="createListenerWithOldParam" duration-ms="57" started-at="2017-01-31T13:40:54Z" depends-on-methods="test.admin.WebtierTests.ensureDeletedListenerDoesNotExist" finished-at="2017-01-31T13:40:54Z">
        </test-method>
        <test-method status="PASS" signature="setUpEnvironment(java.lang.String, java.lang.String, java.lang.String)" name="setUpEnvironment" is-config="true" duration-ms="3" started-at="2017-01-31T13:40:54Z" finished-at="2017-01-31T13:40:54Z">
          <params>
            <param index="0">
              <value>
                <![CDATA[http://localhost:4848/__asadmin]]>
              </value>
            </param>
            <param index="1">
              <value>
                <![CDATA[admin]]>
              </value>
            </param>
            <param index="2">
              <value>
                <![CDATA[]]>
              </value>
            </param>
          </params>
        </test-method>
        <test-method status="PASS" signature="ensureDeletedListenerDoesNotExist()" name="ensureDeletedListenerDoesNotExist" duration-ms="6" started-at="2017-01-31T13:40:54Z" depends-on-methods="test.admin.WebtierTests.deleteListener" finished-at="2017-01-31T13:40:54Z">
        </test-method>
        <test-method status="PASS" signature="ensureCreatedListenerExists()" name="ensureCreatedListenerExists" duration-ms="6" started-at="2017-01-31T13:40:54Z" depends-on-methods="test.admin.WebtierTests.createListener" finished-at="2017-01-31T13:40:54Z">
        </test-method>
        <test-method status="PASS" signature="setup()" name="setup" is-config="true" duration-ms="0" started-at="2017-01-31T13:40:54Z" depends-on-methods="test.admin.BaseAsadminTest.setUpEnvironment" finished-at="2017-01-31T13:40:54Z">
        </test-method>
        <test-method status="PASS" signature="deleteListener2()" name="deleteListener2" duration-ms="36" started-at="2017-01-31T13:40:54Z" depends-on-methods="test.admin.WebtierTests.createListenerWithOldParam" finished-at="2017-01-31T13:40:54Z">
        </test-method>
      </class>
    </test>
  </suite>
</testng-results>
