<?xml version="1.0" encoding="UTF-8"?>
<testsuite name="amx_tests" failures="0" tests="19" time="11.557" errors="0">
  <properties/>
  <testcase name="bootAMX" time="0.001" classname="amxtest.AMXCoreTests"/>
  <testcase name="iterateAllSanityCheck" time="6.057" classname="amxtest.AMXCoreTests"/>
  <testcase name="testForBogusConfigAnnotations" time="0.03" classname="amxtest.AMXConfigProxyTests"/>
  <testcase name="testDemo" time="1.789" classname="amxtest.AMXCoreTests"/>
  <testcase name="testAMXComplianceMonitorFailureCount" time="0.001" classname="amxtest.AMXCoreTests"/>
  <testcase name="testVariousGetters" time="0.015" classname="amxtest.AMXOtherTests"/>
  <testcase name="testLogging" time="0.034" classname="amxtest.AMXProxyTests"/>
  <testcase name="testMonitoringRoot" time="0.026" classname="amxtest.AMXProxyTests"/>
  <testcase name="testDomainRoot" time="0.083" classname="amxtest.AMXProxyTests"/>
  <testcase name="testBulkAccess" time="0.009" classname="amxtest.AMXProxyTests"/>
  <testcase name="testExt" time="0.019" classname="amxtest.AMXProxyTests"/>
  <testcase name="testTools" time="0.469" classname="amxtest.AMXProxyTests"/>
  <testcase name="testSystemInfo" time="0.01" classname="amxtest.AMXProxyTests"/>
  <testcase name="testForBogusAnnotations" time="0.049" classname="amxtest.AMXProxyTests"/>
  <testcase name="testRuntimeRoot" time="0.021" classname="amxtest.AMXProxyTests"/>
  <testcase name="testPathnames" time="0.11" classname="amxtest.AMXProxyTests"/>
  <testcase name="testQuery" time="0.02" classname="amxtest.AMXProxyTests"/>
  <testcase name="testServerRuntime" time="0.011" classname="amxtest.AMXProxyTests"/>
  <testcase name="testJ2EEDomain" time="0.022" classname="amxtest.AMXProxyTests"/>
</testsuite>
