<?xml version="1.0" encoding="UTF-8"?>
<testsuite name="asadmin_tests" failures="1" tests="16" time="0.391" errors="0">
  <properties/>
  <testcase name="createListener" time="0.145" classname="test.admin.WebtierTests"/>
  <testcase name="createPool" time="0.025" classname="test.admin.JdbcConnectionPoolTests">
    <failure type="java.lang.RuntimeException" message="null">
      <![CDATA[java.lang.RuntimeException: null
	at test.admin.util.GeneralUtils.handleManifestFailure(GeneralUtils.java:141)
	at test.admin.JdbcConnectionPoolTests.createPool(JdbcConnectionPoolTests.java:76)
... Removed 22 stack frames]]>
    </failure>
  </testcase>
  <testcase name="pingPool" time="0.002" classname="test.admin.JdbcConnectionPoolTests">
    <skipped/>
  </testcase>
  <testcase name="ensureCreatedPoolExists" time="0.0" classname="test.admin.JdbcConnectionPoolTests">
    <skipped/>
  </testcase>
  <testcase name="createJoe" time="0.009" classname="test.admin.JvmOptionTests"/>
  <testcase name="ensureCreatedJoeExists" time="0.009" classname="test.admin.JvmOptionTests"/>
  <testcase name="deletePool" time="0.001" classname="test.admin.JdbcConnectionPoolTests">
    <skipped/>
  </testcase>
  <testcase name="deletedPoolDoesNotExist" time="0.0" classname="test.admin.JdbcConnectionPoolTests">
    <skipped/>
  </testcase>
  <testcase name="ensureCreatedListenerExists" time="0.006" classname="test.admin.WebtierTests"/>
  <testcase name="deleteJoe" time="0.008" classname="test.admin.JvmOptionTests"/>
  <testcase name="deletedJoeDoesNotExist" time="0.006" classname="test.admin.JvmOptionTests"/>
  <testcase name="deleteListener" time="0.043" classname="test.admin.WebtierTests"/>
  <testcase name="ensureDeletedListenerDoesNotExist" time="0.006" classname="test.admin.WebtierTests"/>
  <testcase name="createListenerWithOldParam" time="0.057" classname="test.admin.WebtierTests"/>
  <testcase name="deleteListener2" time="0.036" classname="test.admin.WebtierTests"/>
  <testcase name="createOsgiListener" time="0.023" classname="test.admin.OsgiAsadminTest"/>
</testsuite>
