<?xml version="1.0" encoding="UTF-8"?>
<testsuite name="jpa_inject_emf" failures="1" tests="2" time="0.101" errors="0">
  <properties/>
  <testcase name="persistWithInjectEMF" time="0.099" classname="test.jpa.jpainjectemf.JpaInjectEMFTestNG">
    <failure type="java.lang.AssertionError" message="Unexpected Results expected:&lt;true&gt; but was:&lt;false&gt;">
      <![CDATA[java.lang.AssertionError: Unexpected Results expected:<true> but was:<false>
	at test.jpa.jpainjectemf.JpaInjectEMFTestNG.persistWithInjectEMF(JpaInjectEMFTestNG.java:69)
... Removed 26 stack frames]]>
    </failure>
  </testcase>
  <testcase name="lazyLoadingByQuery" time="0.001" classname="test.jpa.jpainjectemf.JpaInjectEMFTestNG">
    <skipped/>
  </testcase>
</testsuite>
